[ 2018-08-14T14:25:32+08:00 ] ::1 /shenyangjy/index.php/Home/Pages/about_us
ERR: 无法加载控制器:Pages

[ 2018-08-14T14:28:14+08:00 ] ::1 /shenyangjy/index.php/Home/Pages/about_us
ERR: 模板不存在:/Users/wangbing/PhpstormProjects/shenyangjy/Home/View/Pages/0.html

[ 2018-08-14T14:29:03+08:00 ] ::1 /shenyangjy/index.php/Home/Pages/assets/css/font-awesome.min.css
ERR: 非法操作:assets

[ 2018-08-14T14:29:03+08:00 ] ::1 /shenyangjy/index.php/Home/Pages/assets/css/main.css
ERR: 非法操作:assets

[ 2018-08-14T14:29:03+08:00 ] ::1 /shenyangjy/index.php/Home/Pages/assets/css/my-custom-styles.css
ERR: 非法操作:assets

[ 2018-08-14T14:29:03+08:00 ] ::1 /shenyangjy/index.php/Home/Pages/assets/css/bootstrap.css
ERR: 非法操作:assets

[ 2018-08-14T14:29:03+08:00 ] ::1 /shenyangjy/index.php/Home/Pages/assets/js/plugins/fitvids/jquery.fitvids.js
ERR: 非法操作:assets

[ 2018-08-14T14:29:03+08:00 ] ::1 /shenyangjy/index.php/Home/Pages/assets/js/jquery-2.1.1.min.js
ERR: 非法操作:assets

[ 2018-08-14T14:29:03+08:00 ] ::1 /shenyangjy/index.php/Home/Pages/assets/js/bootstrap.min.js
ERR: 非法操作:assets

[ 2018-08-14T14:29:03+08:00 ] ::1 /shenyangjy/index.php/Home/Pages/assets/js/repute-scripts.js
ERR: 非法操作:assets

[ 2018-08-14T14:29:03+08:00 ] ::1 /shenyangjy/index.php/Home/Pages/assets/js/plugins/fitvids/jquery.fitvids.js
ERR: 非法操作:assets

[ 2018-08-14T14:29:03+08:00 ] ::1 /shenyangjy/index.php/Home/Pages/assets/js/repute-scripts.js
ERR: 非法操作:assets

[ 2018-08-14T14:30:26+08:00 ] ::1 /shenyangjy/index.php/Home/Pages/assets/css/bootstrap.css
ERR: 非法操作:assets

[ 2018-08-14T14:30:26+08:00 ] ::1 /shenyangjy/index.php/Home/Pages/assets/css/my-custom-styles.css
ERR: 非法操作:assets

[ 2018-08-14T14:30:26+08:00 ] ::1 /shenyangjy/index.php/Home/Pages/assets/css/font-awesome.min.css
ERR: 非法操作:assets

[ 2018-08-14T14:30:26+08:00 ] ::1 /shenyangjy/index.php/Home/Pages/assets/css/main.css
ERR: 非法操作:assets

[ 2018-08-14T14:30:26+08:00 ] ::1 /shenyangjy/index.php/Home/Pages/assets/js/jquery-2.1.1.min.js
ERR: 非法操作:assets

[ 2018-08-14T14:30:26+08:00 ] ::1 /shenyangjy/index.php/Home/Pages/assets/js/bootstrap.min.js
ERR: 非法操作:assets

[ 2018-08-14T14:30:26+08:00 ] ::1 /shenyangjy/index.php/Home/Pages/assets/js/plugins/fitvids/jquery.fitvids.js
ERR: 非法操作:assets

[ 2018-08-14T14:30:26+08:00 ] ::1 /shenyangjy/index.php/Home/Pages/assets/js/repute-scripts.js
ERR: 非法操作:assets

[ 2018-08-14T14:34:06+08:00 ] ::1 /shenyangjy/index.php/Home/Pages/Home/assets/css/bootstrap.css
ERR: 非法操作:Home

[ 2018-08-14T14:34:06+08:00 ] ::1 /shenyangjy/index.php/Home/Pages/Home/assets/css/font-awesome.min.css
ERR: 非法操作:Home

[ 2018-08-14T14:34:06+08:00 ] ::1 /shenyangjy/index.php/Home/Pages/Home/assets/css/main.css
ERR: 非法操作:Home

[ 2018-08-14T14:34:06+08:00 ] ::1 /shenyangjy/index.php/Home/Pages/Home/assets/css/my-custom-styles.css
ERR: 非法操作:Home

[ 2018-08-14T14:34:06+08:00 ] ::1 /shenyangjy/index.php/Home/Pages/Home/assets/js/bootstrap.min.js
ERR: 非法操作:Home

[ 2018-08-14T14:34:06+08:00 ] ::1 /shenyangjy/index.php/Home/Pages/Home/assets/js/jquery-2.1.1.min.js
ERR: 非法操作:Home

[ 2018-08-14T14:34:06+08:00 ] ::1 /shenyangjy/index.php/Home/Pages/Home/assets/js/plugins/fitvids/jquery.fitvids.js
ERR: 非法操作:Home

[ 2018-08-14T14:34:06+08:00 ] ::1 /shenyangjy/index.php/Home/Pages/Home/assets/js/repute-scripts.js
ERR: 非法操作:Home

[ 2018-08-14T14:34:06+08:00 ] ::1 /shenyangjy/index.php/Home/Pages/Home/assets/js/bootstrap.min.js
ERR: 非法操作:Home

[ 2018-08-14T14:34:06+08:00 ] ::1 /shenyangjy/index.php/Home/Pages/Home/assets/js/plugins/fitvids/jquery.fitvids.js
ERR: 非法操作:Home

[ 2018-08-14T14:34:06+08:00 ] ::1 /shenyangjy/index.php/Home/Pages/Home/assets/js/repute-scripts.js
ERR: 非法操作:Home

[ 2018-08-14T14:34:23+08:00 ] ::1 /shenyangjy/index.php/Home/Pages/Home/assets/css/bootstrap.css
ERR: 非法操作:Home

[ 2018-08-14T14:34:23+08:00 ] ::1 /shenyangjy/index.php/Home/Pages/Home/assets/css/my-custom-styles.css
ERR: 非法操作:Home

[ 2018-08-14T14:34:23+08:00 ] ::1 /shenyangjy/index.php/Home/Pages/Home/assets/css/main.css
ERR: 非法操作:Home

[ 2018-08-14T14:34:23+08:00 ] ::1 /shenyangjy/index.php/Home/Pages/Home/assets/css/font-awesome.min.css
ERR: 非法操作:Home

[ 2018-08-14T14:34:23+08:00 ] ::1 /shenyangjy/index.php/Home/Pages/Home/assets/js/jquery-2.1.1.min.js
ERR: 非法操作:Home

[ 2018-08-14T14:34:23+08:00 ] ::1 /shenyangjy/index.php/Home/Pages/Home/assets/js/bootstrap.min.js
ERR: 非法操作:Home

[ 2018-08-14T14:34:23+08:00 ] ::1 /shenyangjy/index.php/Home/Pages/Home/assets/js/plugins/fitvids/jquery.fitvids.js
ERR: 非法操作:Home

[ 2018-08-14T14:34:23+08:00 ] ::1 /shenyangjy/index.php/Home/Pages/Home/assets/js/repute-scripts.js
ERR: 非法操作:Home

[ 2018-08-14T14:35:30+08:00 ] ::1 /shenyangjy/index.php/Home/Pages/Home/assets/css/bootstrap.css
ERR: 非法操作:Home

[ 2018-08-14T14:35:30+08:00 ] ::1 /shenyangjy/index.php/Home/Pages/Home/assets/css/font-awesome.min.css
ERR: 非法操作:Home

[ 2018-08-14T14:35:30+08:00 ] ::1 /shenyangjy/index.php/Home/Pages/Home/assets/css/main.css
ERR: 非法操作:Home

[ 2018-08-14T14:35:30+08:00 ] ::1 /shenyangjy/index.php/Home/Pages/Home/assets/js/bootstrap.min.js
ERR: 非法操作:Home

[ 2018-08-14T14:35:30+08:00 ] ::1 /shenyangjy/index.php/Home/Pages/Home/assets/js/jquery-2.1.1.min.js
ERR: 非法操作:Home

[ 2018-08-14T14:35:30+08:00 ] ::1 /shenyangjy/index.php/Home/Pages/Home/assets/css/my-custom-styles.css
ERR: 非法操作:Home

[ 2018-08-14T14:35:30+08:00 ] ::1 /shenyangjy/index.php/Home/Pages/Home/assets/js/plugins/fitvids/jquery.fitvids.js
ERR: 非法操作:Home

[ 2018-08-14T14:35:30+08:00 ] ::1 /shenyangjy/index.php/Home/Pages/Home/assets/js/repute-scripts.js
ERR: 非法操作:Home

[ 2018-08-14T14:35:30+08:00 ] ::1 /shenyangjy/index.php/Home/Pages/Home/assets/js/bootstrap.min.js
ERR: 非法操作:Home

[ 2018-08-14T14:35:30+08:00 ] ::1 /shenyangjy/index.php/Home/Pages/Home/assets/js/plugins/fitvids/jquery.fitvids.js
ERR: 非法操作:Home

[ 2018-08-14T14:35:30+08:00 ] ::1 /shenyangjy/index.php/Home/Pages/Home/assets/js/repute-scripts.js
ERR: 非法操作:Home

[ 2018-08-14T14:35:51+08:00 ] ::1 /shenyangjy/index.php/Home/Pages/Home/assets/css/main.css
ERR: 非法操作:Home

[ 2018-08-14T14:35:51+08:00 ] ::1 /shenyangjy/index.php/Home/Pages/Home/assets/css/bootstrap.css
ERR: 非法操作:Home

[ 2018-08-14T14:35:51+08:00 ] ::1 /shenyangjy/index.php/Home/Pages/Home/assets/css/font-awesome.min.css
ERR: 非法操作:Home

[ 2018-08-14T14:35:51+08:00 ] ::1 /shenyangjy/index.php/Home/Pages/Home/assets/css/my-custom-styles.css
ERR: 非法操作:Home

[ 2018-08-14T14:35:51+08:00 ] ::1 /shenyangjy/index.php/Home/Pages/Home/assets/js/jquery-2.1.1.min.js
ERR: 非法操作:Home

[ 2018-08-14T14:35:51+08:00 ] ::1 /shenyangjy/index.php/Home/Pages/Home/assets/js/plugins/fitvids/jquery.fitvids.js
ERR: 非法操作:Home

[ 2018-08-14T14:35:51+08:00 ] ::1 /shenyangjy/index.php/Home/Pages/Home/assets/js/bootstrap.min.js
ERR: 非法操作:Home

[ 2018-08-14T14:35:51+08:00 ] ::1 /shenyangjy/index.php/Home/Pages/Home/assets/js/repute-scripts.js
ERR: 非法操作:Home

[ 2018-08-14T14:35:51+08:00 ] ::1 /shenyangjy/index.php/Home/Pages/Home/assets/js/plugins/fitvids/jquery.fitvids.js
ERR: 非法操作:Home

[ 2018-08-14T14:35:51+08:00 ] ::1 /shenyangjy/index.php/Home/Pages/Home/assets/js/repute-scripts.js
ERR: 非法操作:Home

[ 2018-08-14T14:36:15+08:00 ] ::1 /shenyangjy/index.php/Home/Pages/Home/assets/css/main.css
ERR: 非法操作:Home

[ 2018-08-14T14:36:15+08:00 ] ::1 /shenyangjy/index.php/Home/Pages/Home/assets/css/font-awesome.min.css
ERR: 非法操作:Home

[ 2018-08-14T14:36:15+08:00 ] ::1 /shenyangjy/index.php/Home/Pages/Home/assets/css/bootstrap.css
ERR: 非法操作:Home

[ 2018-08-14T14:36:15+08:00 ] ::1 /shenyangjy/index.php/Home/Pages/Home/assets/css/my-custom-styles.css
ERR: 非法操作:Home

[ 2018-08-14T14:38:09+08:00 ] ::1 /shenyangjy/index.php/Home/Pages/Home/assets/css/bootstrap.css
ERR: 非法操作:Home

[ 2018-08-14T14:38:09+08:00 ] ::1 /shenyangjy/index.php/Home/Pages/Home/assets/css/font-awesome.min.css
ERR: 非法操作:Home

[ 2018-08-14T14:38:09+08:00 ] ::1 /shenyangjy/index.php/Home/Pages/Home/assets/css/main.css
ERR: 非法操作:Home

[ 2018-08-14T14:38:09+08:00 ] ::1 /shenyangjy/index.php/Home/Pages/Home/assets/css/my-custom-styles.css
ERR: 非法操作:Home

[ 2018-08-14T14:38:09+08:00 ] ::1 /shenyangjy/index.php/Home/Pages/Home/assets/js/jquery-2.1.1.min.js
ERR: 非法操作:Home

[ 2018-08-14T14:38:09+08:00 ] ::1 /shenyangjy/index.php/Home/Pages/Home/assets/js/plugins/fitvids/jquery.fitvids.js
ERR: 非法操作:Home

[ 2018-08-14T14:38:09+08:00 ] ::1 /shenyangjy/index.php/Home/Pages/Home/assets/js/repute-scripts.js
ERR: 非法操作:Home

[ 2018-08-14T14:38:09+08:00 ] ::1 /shenyangjy/index.php/Home/Pages/Home/assets/js/bootstrap.min.js
ERR: 非法操作:Home

[ 2018-08-14T14:38:09+08:00 ] ::1 /shenyangjy/index.php/Home/Pages/Home/assets/js/plugins/fitvids/jquery.fitvids.js
ERR: 非法操作:Home

[ 2018-08-14T14:38:09+08:00 ] ::1 /shenyangjy/index.php/Home/Pages/Home/assets/js/repute-scripts.js
ERR: 非法操作:Home

[ 2018-08-14T14:38:21+08:00 ] ::1 /shenyangjy/index.php/Home/Pages/Home/assets/css/my-custom-styles.css
ERR: 非法操作:Home

[ 2018-08-14T14:38:21+08:00 ] ::1 /shenyangjy/index.php/Home/Pages/Home/assets/css/bootstrap.css
ERR: 非法操作:Home

[ 2018-08-14T14:38:21+08:00 ] ::1 /shenyangjy/index.php/Home/Pages/Home/assets/css/font-awesome.min.css
ERR: 非法操作:Home

[ 2018-08-14T14:38:21+08:00 ] ::1 /shenyangjy/index.php/Home/Pages/Home/assets/css/main.css
ERR: 非法操作:Home

[ 2018-08-14T14:41:28+08:00 ] ::1 /shenyangjy/index.php/Home/Pages/assets/css/font-awesome.min.css
ERR: 非法操作:assets

[ 2018-08-14T14:41:28+08:00 ] ::1 /shenyangjy/index.php/Home/Pages/assets/css/bootstrap.css
ERR: 非法操作:assets

[ 2018-08-14T14:41:28+08:00 ] ::1 /shenyangjy/index.php/Home/Pages/assets/css/my-custom-styles.css
ERR: 非法操作:assets

[ 2018-08-14T14:41:28+08:00 ] ::1 /shenyangjy/index.php/Home/Pages/assets/css/main.css
ERR: 非法操作:assets

[ 2018-08-14T14:41:28+08:00 ] ::1 /shenyangjy/index.php/Home/Pages/assets/js/jquery-2.1.1.min.js
ERR: 非法操作:assets

[ 2018-08-14T14:41:28+08:00 ] ::1 /shenyangjy/index.php/Home/Pages/assets/js/plugins/fitvids/jquery.fitvids.js
ERR: 非法操作:assets

[ 2018-08-14T14:41:28+08:00 ] ::1 /shenyangjy/index.php/Home/Pages/assets/js/bootstrap.min.js
ERR: 非法操作:assets

[ 2018-08-14T14:41:28+08:00 ] ::1 /shenyangjy/index.php/Home/Pages/assets/js/repute-scripts.js
ERR: 非法操作:assets

[ 2018-08-14T14:41:28+08:00 ] ::1 /shenyangjy/index.php/Home/Pages/assets/js/plugins/fitvids/jquery.fitvids.js
ERR: 非法操作:assets

[ 2018-08-14T14:41:28+08:00 ] ::1 /shenyangjy/index.php/Home/Pages/assets/js/repute-scripts.js
ERR: 非法操作:assets

[ 2018-08-14T14:42:42+08:00 ] ::1 /shenyangjy/index.php/Home/Pages/assets/css/bootstrap.css
ERR: 非法操作:assets

[ 2018-08-14T14:42:42+08:00 ] ::1 /shenyangjy/index.php/Home/Pages/assets/css/font-awesome.min.css
ERR: 非法操作:assets

[ 2018-08-14T14:42:42+08:00 ] ::1 /shenyangjy/index.php/Home/Pages/assets/css/main.css
ERR: 非法操作:assets

[ 2018-08-14T14:42:42+08:00 ] ::1 /shenyangjy/index.php/Home/Pages/assets/css/my-custom-styles.css
ERR: 非法操作:assets

[ 2018-08-14T14:42:42+08:00 ] ::1 /shenyangjy/index.php/Home/Pages/assets/js/jquery-2.1.1.min.js
ERR: 非法操作:assets

[ 2018-08-14T14:42:42+08:00 ] ::1 /shenyangjy/index.php/Home/Pages/assets/js/repute-scripts.js
ERR: 非法操作:assets

[ 2018-08-14T14:42:42+08:00 ] ::1 /shenyangjy/index.php/Home/Pages/assets/js/bootstrap.min.js
ERR: 非法操作:assets

[ 2018-08-14T14:42:42+08:00 ] ::1 /shenyangjy/index.php/Home/Pages/assets/js/plugins/fitvids/jquery.fitvids.js
ERR: 非法操作:assets

[ 2018-08-14T14:42:42+08:00 ] ::1 /shenyangjy/index.php/Home/Pages/assets/js/repute-scripts.js
ERR: 非法操作:assets

[ 2018-08-14T14:43:35+08:00 ] ::1 /shenyangjy/index.php/Home/Pages/assets/css/bootstrap.css
ERR: 非法操作:assets

[ 2018-08-14T14:43:35+08:00 ] ::1 /shenyangjy/index.php/Home/Pages/assets/css/font-awesome.min.css
ERR: 非法操作:assets

[ 2018-08-14T14:43:35+08:00 ] ::1 /shenyangjy/index.php/Home/Pages/assets/css/main.css
ERR: 非法操作:assets

[ 2018-08-14T14:43:35+08:00 ] ::1 /shenyangjy/index.php/Home/Pages/assets/css/my-custom-styles.css
ERR: 非法操作:assets

[ 2018-08-14T14:43:35+08:00 ] ::1 /shenyangjy/index.php/Home/Pages/assets/js/jquery-2.1.1.min.js
ERR: 非法操作:assets

[ 2018-08-14T14:43:35+08:00 ] ::1 /shenyangjy/index.php/Home/Pages/assets/js/bootstrap.min.js
ERR: 非法操作:assets

[ 2018-08-14T14:43:35+08:00 ] ::1 /shenyangjy/index.php/Home/Pages/assets/js/plugins/fitvids/jquery.fitvids.js
ERR: 非法操作:assets

[ 2018-08-14T14:43:35+08:00 ] ::1 /shenyangjy/index.php/Home/Pages/assets/js/repute-scripts.js
ERR: 非法操作:assets

[ 2018-08-14T14:45:01+08:00 ] ::1 /shenyangjy/index.php/Home/Pages/Home/assets/css/bootstrap.css
ERR: 非法操作:Home

[ 2018-08-14T14:45:01+08:00 ] ::1 /shenyangjy/index.php/Home/Pages/Home/assets/css/font-awesome.min.css
ERR: 非法操作:Home

[ 2018-08-14T14:45:01+08:00 ] ::1 /shenyangjy/index.php/Home/Pages/Home/assets/css/main.css
ERR: 非法操作:Home

[ 2018-08-14T14:45:01+08:00 ] ::1 /shenyangjy/index.php/Home/Pages/Home/assets/css/my-custom-styles.css
ERR: 非法操作:Home

[ 2018-08-14T14:45:01+08:00 ] ::1 /shenyangjy/index.php/Home/Pages/Home/assets/js/jquery-2.1.1.min.js
ERR: 非法操作:Home

[ 2018-08-14T14:45:01+08:00 ] ::1 /shenyangjy/index.php/Home/Pages/Home/assets/js/bootstrap.min.js
ERR: 非法操作:Home

[ 2018-08-14T14:45:01+08:00 ] ::1 /shenyangjy/index.php/Home/Pages/Home/assets/js/plugins/fitvids/jquery.fitvids.js
ERR: 非法操作:Home

[ 2018-08-14T14:45:01+08:00 ] ::1 /shenyangjy/index.php/Home/Pages/Home/assets/js/repute-scripts.js
ERR: 非法操作:Home

[ 2018-08-14T14:45:52+08:00 ] ::1 /shenyangjy/index.php/Home/Pages/assets/css/bootstrap.css
ERR: 非法操作:assets

[ 2018-08-14T14:45:52+08:00 ] ::1 /shenyangjy/index.php/Home/Pages/assets/css/font-awesome.min.css
ERR: 非法操作:assets

[ 2018-08-14T14:45:52+08:00 ] ::1 /shenyangjy/index.php/Home/Pages/assets/css/main.css
ERR: 非法操作:assets

[ 2018-08-14T14:45:52+08:00 ] ::1 /shenyangjy/index.php/Home/Pages/assets/css/my-custom-styles.css
ERR: 非法操作:assets

[ 2018-08-14T14:45:52+08:00 ] ::1 /shenyangjy/index.php/Home/Pages/assets/js/bootstrap.min.js
ERR: 非法操作:assets

[ 2018-08-14T14:45:52+08:00 ] ::1 /shenyangjy/index.php/Home/Pages/assets/js/jquery-2.1.1.min.js
ERR: 非法操作:assets

[ 2018-08-14T14:45:52+08:00 ] ::1 /shenyangjy/index.php/Home/Pages/assets/js/plugins/fitvids/jquery.fitvids.js
ERR: 非法操作:assets

[ 2018-08-14T14:45:52+08:00 ] ::1 /shenyangjy/index.php/Home/Pages/assets/js/repute-scripts.js
ERR: 非法操作:assets

[ 2018-08-14T14:45:52+08:00 ] ::1 /shenyangjy/index.php/Home/Pages/assets/js/bootstrap.min.js
ERR: 非法操作:assets

[ 2018-08-14T14:45:52+08:00 ] ::1 /shenyangjy/index.php/Home/Pages/assets/js/plugins/fitvids/jquery.fitvids.js
ERR: 非法操作:assets

[ 2018-08-14T14:45:52+08:00 ] ::1 /shenyangjy/index.php/Home/Pages/assets/js/repute-scripts.js
ERR: 非法操作:assets

[ 2018-08-14T14:46:42+08:00 ] ::1 /shenyangjy/index.php/Home/assets/css/bootstrap.css
ERR: 无法加载控制器:Assets

[ 2018-08-14T14:46:42+08:00 ] ::1 /shenyangjy/index.php/Home/assets/css/font-awesome.min.css
ERR: 无法加载控制器:Assets

[ 2018-08-14T14:46:42+08:00 ] ::1 /shenyangjy/index.php/Home/assets/css/main.css
ERR: 无法加载控制器:Assets

[ 2018-08-14T14:46:42+08:00 ] ::1 /shenyangjy/index.php/Home/assets/css/my-custom-styles.css
ERR: 无法加载控制器:Assets

[ 2018-08-14T14:46:42+08:00 ] ::1 /shenyangjy/index.php/Home/assets/js/plugins/fitvids/jquery.fitvids.js
ERR: 无法加载控制器:Assets

[ 2018-08-14T14:46:42+08:00 ] ::1 /shenyangjy/index.php/Home/assets/js/bootstrap.min.js
ERR: 无法加载控制器:Assets

[ 2018-08-14T14:46:42+08:00 ] ::1 /shenyangjy/index.php/Home/assets/js/repute-scripts.js
ERR: 无法加载控制器:Assets

[ 2018-08-14T14:46:42+08:00 ] ::1 /shenyangjy/index.php/Home/assets/js/jquery-2.1.1.min.js
ERR: 无法加载控制器:Assets

[ 2018-08-14T14:46:42+08:00 ] ::1 /shenyangjy/index.php/Home/assets/js/bootstrap.min.js
ERR: 无法加载控制器:Assets

[ 2018-08-14T14:46:42+08:00 ] ::1 /shenyangjy/index.php/Home/assets/js/plugins/fitvids/jquery.fitvids.js
ERR: 无法加载控制器:Assets

[ 2018-08-14T14:46:42+08:00 ] ::1 /shenyangjy/index.php/Home/assets/js/repute-scripts.js
ERR: 无法加载控制器:Assets

[ 2018-08-14T14:47:00+08:00 ] ::1 /shenyangjy/index.php/Home/assets/css/bootstrap.css
ERR: 无法加载控制器:Assets

[ 2018-08-14T14:47:00+08:00 ] ::1 /shenyangjy/index.php/Home/assets/css/font-awesome.min.css
ERR: 无法加载控制器:Assets

[ 2018-08-14T14:47:00+08:00 ] ::1 /shenyangjy/index.php/Home/assets/css/main.css
ERR: 无法加载控制器:Assets

[ 2018-08-14T14:47:00+08:00 ] ::1 /shenyangjy/index.php/Home/assets/css/my-custom-styles.css
ERR: 无法加载控制器:Assets

[ 2018-08-14T14:47:00+08:00 ] ::1 /shenyangjy/index.php/Home/assets/js/jquery-2.1.1.min.js
ERR: 无法加载控制器:Assets

[ 2018-08-14T14:47:00+08:00 ] ::1 /shenyangjy/index.php/Home/assets/js/bootstrap.min.js
ERR: 无法加载控制器:Assets

[ 2018-08-14T14:47:00+08:00 ] ::1 /shenyangjy/index.php/Home/assets/js/repute-scripts.js
ERR: 无法加载控制器:Assets

[ 2018-08-14T14:47:00+08:00 ] ::1 /shenyangjy/index.php/Home/assets/js/plugins/fitvids/jquery.fitvids.js
ERR: 无法加载控制器:Assets

[ 2018-08-14T14:47:00+08:00 ] ::1 /shenyangjy/index.php/Home/assets/js/repute-scripts.js
ERR: 无法加载控制器:Assets

[ 2018-08-14T14:47:53+08:00 ] ::1 /shenyangjy/index.php/Home/Pages/assets/css/bootstrap.css
ERR: 非法操作:assets

[ 2018-08-14T14:47:53+08:00 ] ::1 /shenyangjy/index.php/Home/Pages/assets/css/font-awesome.min.css
ERR: 非法操作:assets

[ 2018-08-14T14:47:53+08:00 ] ::1 /shenyangjy/index.php/Home/Pages/assets/css/main.css
ERR: 非法操作:assets

[ 2018-08-14T14:47:53+08:00 ] ::1 /shenyangjy/index.php/Home/Pages/assets/css/my-custom-styles.css
ERR: 非法操作:assets

[ 2018-08-14T14:47:53+08:00 ] ::1 /shenyangjy/index.php/Home/Pages/assets/js/jquery-2.1.1.min.js
ERR: 非法操作:assets

[ 2018-08-14T14:47:53+08:00 ] ::1 /shenyangjy/index.php/Home/Pages/assets/js/bootstrap.min.js
ERR: 非法操作:assets

[ 2018-08-14T14:47:53+08:00 ] ::1 /shenyangjy/index.php/Home/Pages/assets/js/plugins/fitvids/jquery.fitvids.js
ERR: 非法操作:assets

[ 2018-08-14T14:47:53+08:00 ] ::1 /shenyangjy/index.php/Home/Pages/assets/js/repute-scripts.js
ERR: 非法操作:assets

[ 2018-08-14T14:49:28+08:00 ] ::1 /shenyangjy/index.php/Home/assets/css/font-awesome.min.css
ERR: 无法加载控制器:Assets

[ 2018-08-14T14:49:28+08:00 ] ::1 /shenyangjy/index.php/Home/assets/css/bootstrap.css
ERR: 无法加载控制器:Assets

[ 2018-08-14T14:49:28+08:00 ] ::1 /shenyangjy/index.php/Home/assets/css/main.css
ERR: 无法加载控制器:Assets

[ 2018-08-14T14:49:28+08:00 ] ::1 /shenyangjy/index.php/Home/assets/css/my-custom-styles.css
ERR: 无法加载控制器:Assets

[ 2018-08-14T14:49:28+08:00 ] ::1 /shenyangjy/index.php/Home/assets/js/jquery-2.1.1.min.js
ERR: 无法加载控制器:Assets

[ 2018-08-14T14:49:28+08:00 ] ::1 /shenyangjy/index.php/Home/assets/js/bootstrap.min.js
ERR: 无法加载控制器:Assets

[ 2018-08-14T14:49:28+08:00 ] ::1 /shenyangjy/index.php/Home/assets/js/plugins/slick/slick.min.js
ERR: 无法加载控制器:Assets

[ 2018-08-14T14:49:28+08:00 ] ::1 /shenyangjy/index.php/Home/assets/js/plugins/stellar/jquery.stellar.min.js
ERR: 无法加载控制器:Assets

[ 2018-08-14T14:49:28+08:00 ] ::1 /shenyangjy/index.php/Home/assets/js/repute-scripts.js
ERR: 无法加载控制器:Assets

[ 2018-08-14T14:59:14+08:00 ] ::1 /shenyangjy/index.php/Home/Pages/assets/css/font-awesome.min.css
ERR: 非法操作:assets

[ 2018-08-14T14:59:14+08:00 ] ::1 /shenyangjy/index.php/Home/Pages/assets/css/bootstrap.css
ERR: 非法操作:assets

[ 2018-08-14T14:59:14+08:00 ] ::1 /shenyangjy/index.php/Home/Pages/assets/css/my-custom-styles.css
ERR: 非法操作:assets

[ 2018-08-14T14:59:14+08:00 ] ::1 /shenyangjy/index.php/Home/Pages/assets/css/main.css
ERR: 非法操作:assets

[ 2018-08-14T14:59:14+08:00 ] ::1 /shenyangjy/index.php/Home/Pages/assets/js/jquery-2.1.1.min.js
ERR: 非法操作:assets

[ 2018-08-14T14:59:14+08:00 ] ::1 /shenyangjy/index.php/Home/Pages/assets/js/bootstrap.min.js
ERR: 非法操作:assets

[ 2018-08-14T14:59:14+08:00 ] ::1 /shenyangjy/index.php/Home/Pages/assets/js/plugins/fitvids/jquery.fitvids.js
ERR: 非法操作:assets

[ 2018-08-14T14:59:14+08:00 ] ::1 /shenyangjy/index.php/Home/Pages/assets/js/repute-scripts.js
ERR: 非法操作:assets

[ 2018-08-14T14:59:30+08:00 ] ::1 /shenyangjy/index.php/Home/Pages/assets/css/bootstrap.css
ERR: 非法操作:assets

[ 2018-08-14T14:59:30+08:00 ] ::1 /shenyangjy/index.php/Home/Pages/assets/css/font-awesome.min.css
ERR: 非法操作:assets

[ 2018-08-14T14:59:30+08:00 ] ::1 /shenyangjy/index.php/Home/Pages/assets/css/my-custom-styles.css
ERR: 非法操作:assets

[ 2018-08-14T14:59:30+08:00 ] ::1 /shenyangjy/index.php/Home/Pages/assets/css/main.css
ERR: 非法操作:assets

[ 2018-08-14T14:59:30+08:00 ] ::1 /shenyangjy/index.php/Home/Pages/assets/js/jquery-2.1.1.min.js
ERR: 非法操作:assets

[ 2018-08-14T14:59:30+08:00 ] ::1 /shenyangjy/index.php/Home/Pages/assets/js/bootstrap.min.js
ERR: 非法操作:assets

[ 2018-08-14T14:59:30+08:00 ] ::1 /shenyangjy/index.php/Home/Pages/assets/js/plugins/fitvids/jquery.fitvids.js
ERR: 非法操作:assets

[ 2018-08-14T14:59:30+08:00 ] ::1 /shenyangjy/index.php/Home/Pages/assets/js/repute-scripts.js
ERR: 非法操作:assets

[ 2018-08-14T14:59:30+08:00 ] ::1 /shenyangjy/index.php/Home/Pages/assets/js/plugins/fitvids/jquery.fitvids.js
ERR: 非法操作:assets

[ 2018-08-14T14:59:30+08:00 ] ::1 /shenyangjy/index.php/Home/Pages/assets/js/repute-scripts.js
ERR: 非法操作:assets

[ 2018-08-14T14:59:40+08:00 ] ::1 /shenyangjy/index.php/Home/Pages/assets/css/bootstrap.css
ERR: 非法操作:assets

[ 2018-08-14T14:59:40+08:00 ] ::1 /shenyangjy/index.php/Home/Pages/assets/css/font-awesome.min.css
ERR: 非法操作:assets

[ 2018-08-14T14:59:40+08:00 ] ::1 /shenyangjy/index.php/Home/Pages/assets/css/main.css
ERR: 非法操作:assets

[ 2018-08-14T14:59:40+08:00 ] ::1 /shenyangjy/index.php/Home/Pages/assets/css/my-custom-styles.css
ERR: 非法操作:assets

[ 2018-08-14T14:59:40+08:00 ] ::1 /shenyangjy/index.php/Home/Pages/assets/js/repute-scripts.js
ERR: 非法操作:assets

[ 2018-08-14T14:59:40+08:00 ] ::1 /shenyangjy/index.php/Home/Pages/assets/js/jquery-2.1.1.min.js
ERR: 非法操作:assets

[ 2018-08-14T14:59:40+08:00 ] ::1 /shenyangjy/index.php/Home/Pages/assets/js/bootstrap.min.js
ERR: 非法操作:assets

[ 2018-08-14T14:59:40+08:00 ] ::1 /shenyangjy/index.php/Home/Pages/assets/js/plugins/fitvids/jquery.fitvids.js
ERR: 非法操作:assets

[ 2018-08-14T14:59:40+08:00 ] ::1 /shenyangjy/index.php/Home/Pages/assets/js/repute-scripts.js
ERR: 非法操作:assets

[ 2018-08-14T14:59:49+08:00 ] ::1 /shenyangjy/index.php/Home/Pages/assets/css/main.css
ERR: 非法操作:assets

[ 2018-08-14T14:59:49+08:00 ] ::1 /shenyangjy/index.php/Home/Pages/assets/css/bootstrap.css
ERR: 非法操作:assets

[ 2018-08-14T14:59:49+08:00 ] ::1 /shenyangjy/index.php/Home/Pages/assets/css/font-awesome.min.css
ERR: 非法操作:assets

[ 2018-08-14T14:59:49+08:00 ] ::1 /shenyangjy/index.php/Home/Pages/assets/css/my-custom-styles.css
ERR: 非法操作:assets

[ 2018-08-14T14:59:49+08:00 ] ::1 /shenyangjy/index.php/Home/Pages/assets/js/jquery-2.1.1.min.js
ERR: 非法操作:assets

[ 2018-08-14T14:59:49+08:00 ] ::1 /shenyangjy/index.php/Home/Pages/assets/js/plugins/fitvids/jquery.fitvids.js
ERR: 非法操作:assets

[ 2018-08-14T14:59:49+08:00 ] ::1 /shenyangjy/index.php/Home/Pages/assets/js/repute-scripts.js
ERR: 非法操作:assets

[ 2018-08-14T14:59:49+08:00 ] ::1 /shenyangjy/index.php/Home/Pages/assets/js/bootstrap.min.js
ERR: 非法操作:assets

[ 2018-08-14T14:59:49+08:00 ] ::1 /shenyangjy/index.php/Home/Pages/assets/js/plugins/fitvids/jquery.fitvids.js
ERR: 非法操作:assets

[ 2018-08-14T14:59:49+08:00 ] ::1 /shenyangjy/index.php/Home/Pages/assets/js/repute-scripts.js
ERR: 非法操作:assets

[ 2018-08-14T15:09:36+08:00 ] ::1 /shenyangjy/Home/font_awesome/css/font-awesome.min.css
ERR: 无法加载控制器:Font_awesome

[ 2018-08-14T15:09:36+08:00 ] ::1 /shenyangjy/Home/Home/assets/css/font-awesome.min.css
ERR: 无法加载控制器:Home

[ 2018-08-14T15:09:36+08:00 ] ::1 /shenyangjy/Home/Home/assets/css/my-custom-styles.css
ERR: 无法加载控制器:Home

[ 2018-08-14T15:09:36+08:00 ] ::1 /shenyangjy/Home/Home/assets/css/main.css
ERR: 无法加载控制器:Home

[ 2018-08-14T15:09:36+08:00 ] ::1 /shenyangjy/Home/Home/assets/css/bootstrap.css
ERR: 无法加载控制器:Home

[ 2018-08-14T15:09:36+08:00 ] ::1 /shenyangjy/Home/Home/assets/js/jquery-2.1.1.min.js
ERR: 无法加载控制器:Home

[ 2018-08-14T15:09:36+08:00 ] ::1 /shenyangjy/Home/Home/assets/js/bootstrap.min.js
ERR: 无法加载控制器:Home

[ 2018-08-14T15:09:36+08:00 ] ::1 /shenyangjy/Home/Home/assets/js/plugins/stellar/jquery.stellar.min.js
ERR: 无法加载控制器:Home

[ 2018-08-14T15:09:36+08:00 ] ::1 /shenyangjy/Home/Home/assets/js/repute-scripts.js
ERR: 无法加载控制器:Home

[ 2018-08-14T15:09:36+08:00 ] ::1 /shenyangjy/Home/Home/assets/js/plugins/slick/slick.min.js
ERR: 无法加载控制器:Home

[ 2018-08-14T15:09:36+08:00 ] ::1 /shenyangjy/Home/Home/assets/js/bootstrap.min.js
ERR: 无法加载控制器:Home

[ 2018-08-14T15:09:36+08:00 ] ::1 /shenyangjy/Home/Home/assets/js/plugins/slick/slick.min.js
ERR: 无法加载控制器:Home

[ 2018-08-14T15:09:36+08:00 ] ::1 /shenyangjy/Home/Home/assets/js/plugins/stellar/jquery.stellar.min.js
ERR: 无法加载控制器:Home

[ 2018-08-14T15:09:36+08:00 ] ::1 /shenyangjy/Home/Home/assets/js/repute-scripts.js
ERR: 无法加载控制器:Home

[ 2018-08-14T15:10:52+08:00 ] ::1 /shenyangjy/index.php/Home/Index/Home/assets/css/my-custom-styles.css
ERR: 非法操作:Home

[ 2018-08-14T15:10:52+08:00 ] ::1 /shenyangjy/index.php/Home/Index/Home/assets/css/bootstrap.css
ERR: 非法操作:Home

[ 2018-08-14T15:10:52+08:00 ] ::1 /shenyangjy/index.php/Home/Index/Home/assets/css/font-awesome.min.css
ERR: 非法操作:Home

[ 2018-08-14T15:10:52+08:00 ] ::1 /shenyangjy/index.php/Home/Index/Home/assets/css/main.css
ERR: 非法操作:Home

[ 2018-08-14T15:10:52+08:00 ] ::1 /shenyangjy/index.php/Home/Index/font_awesome/css/font-awesome.min.css
ERR: 非法操作:font_awesome

[ 2018-08-14T15:10:52+08:00 ] ::1 /shenyangjy/index.php/Home/Index/Home/assets/js/jquery-2.1.1.min.js
ERR: 非法操作:Home

[ 2018-08-14T15:10:52+08:00 ] ::1 /shenyangjy/index.php/Home/Index/Home/assets/js/plugins/slick/slick.min.js
ERR: 非法操作:Home

[ 2018-08-14T15:10:52+08:00 ] ::1 /shenyangjy/index.php/Home/Index/Home/assets/js/bootstrap.min.js
ERR: 非法操作:Home

[ 2018-08-14T15:10:52+08:00 ] ::1 /shenyangjy/index.php/Home/Index/Home/assets/js/plugins/stellar/jquery.stellar.min.js
ERR: 非法操作:Home

[ 2018-08-14T15:10:52+08:00 ] ::1 /shenyangjy/index.php/Home/Index/Home/assets/js/repute-scripts.js
ERR: 非法操作:Home

[ 2018-08-14T15:10:52+08:00 ] ::1 /shenyangjy/index.php/Home/Index/Home/assets/js/bootstrap.min.js
ERR: 非法操作:Home

[ 2018-08-14T15:10:53+08:00 ] ::1 /shenyangjy/index.php/Home/Index/Home/assets/js/plugins/slick/slick.min.js
ERR: 非法操作:Home

[ 2018-08-14T15:10:53+08:00 ] ::1 /shenyangjy/index.php/Home/Index/Home/assets/js/plugins/stellar/jquery.stellar.min.js
ERR: 非法操作:Home

[ 2018-08-14T15:10:53+08:00 ] ::1 /shenyangjy/index.php/Home/Index/Home/assets/js/repute-scripts.js
ERR: 非法操作:Home

[ 2018-08-14T15:17:56+08:00 ] ::1 /shenyangjy/Home/Home/assets/css/bootstrap.css
ERR: 无法加载控制器:Home

[ 2018-08-14T15:17:56+08:00 ] ::1 /shenyangjy/Home/font_awesome/css/font-awesome.min.css
ERR: 无法加载控制器:Font_awesome

[ 2018-08-14T15:17:56+08:00 ] ::1 /shenyangjy/Home/Home/assets/css/font-awesome.min.css
ERR: 无法加载控制器:Home

[ 2018-08-14T15:17:56+08:00 ] ::1 /shenyangjy/Home/Home/assets/css/my-custom-styles.css
ERR: 无法加载控制器:Home

[ 2018-08-14T15:17:56+08:00 ] ::1 /shenyangjy/Home/Home/assets/css/main.css
ERR: 无法加载控制器:Home

[ 2018-08-14T15:17:57+08:00 ] ::1 /shenyangjy/Home/Home/assets/js/jquery-2.1.1.min.js
ERR: 无法加载控制器:Home

[ 2018-08-14T15:17:57+08:00 ] ::1 /shenyangjy/Home/Home/assets/js/plugins/slick/slick.min.js
ERR: 无法加载控制器:Home

[ 2018-08-14T15:17:57+08:00 ] ::1 /shenyangjy/Home/Home/assets/js/plugins/stellar/jquery.stellar.min.js
ERR: 无法加载控制器:Home

[ 2018-08-14T15:17:57+08:00 ] ::1 /shenyangjy/Home/Home/assets/js/bootstrap.min.js
ERR: 无法加载控制器:Home

[ 2018-08-14T15:17:57+08:00 ] ::1 /shenyangjy/Home/Home/assets/js/repute-scripts.js
ERR: 无法加载控制器:Home

[ 2018-08-14T15:17:57+08:00 ] ::1 /shenyangjy/Home/Home/assets/js/bootstrap.min.js
ERR: 无法加载控制器:Home

[ 2018-08-14T15:17:57+08:00 ] ::1 /shenyangjy/Home/Home/assets/js/plugins/slick/slick.min.js
ERR: 无法加载控制器:Home

[ 2018-08-14T15:17:57+08:00 ] ::1 /shenyangjy/Home/Home/assets/js/plugins/stellar/jquery.stellar.min.js
ERR: 无法加载控制器:Home

[ 2018-08-14T15:17:57+08:00 ] ::1 /shenyangjy/Home/Home/assets/js/repute-scripts.js
ERR: 无法加载控制器:Home

[ 2018-08-14T15:21:30+08:00 ] ::1 /shenyangjy/Home/Index/font_awesome/css/font-awesome.min.css
ERR: 非法操作:font_awesome

[ 2018-08-14T15:21:30+08:00 ] ::1 /shenyangjy/Home/Index/Home/assets/css/font-awesome.min.css
ERR: 非法操作:Home

[ 2018-08-14T15:21:30+08:00 ] ::1 /shenyangjy/Home/Index/Home/assets/css/bootstrap.css
ERR: 非法操作:Home

[ 2018-08-14T15:21:30+08:00 ] ::1 /shenyangjy/Home/Index/Home/assets/css/my-custom-styles.css
ERR: 非法操作:Home

[ 2018-08-14T15:21:30+08:00 ] ::1 /shenyangjy/Home/Index/Home/assets/css/main.css
ERR: 非法操作:Home

[ 2018-08-14T15:21:30+08:00 ] ::1 /shenyangjy/Home/Index/Home/assets/js/bootstrap.min.js
ERR: 非法操作:Home

[ 2018-08-14T15:21:30+08:00 ] ::1 /shenyangjy/Home/Index/Home/assets/js/plugins/slick/slick.min.js
ERR: 非法操作:Home

[ 2018-08-14T15:21:30+08:00 ] ::1 /shenyangjy/Home/Index/Home/assets/js/plugins/stellar/jquery.stellar.min.js
ERR: 非法操作:Home

[ 2018-08-14T15:21:30+08:00 ] ::1 /shenyangjy/Home/Index/Home/assets/js/jquery-2.1.1.min.js
ERR: 非法操作:Home

[ 2018-08-14T15:21:30+08:00 ] ::1 /shenyangjy/Home/Index/Home/assets/js/repute-scripts.js
ERR: 非法操作:Home

[ 2018-08-14T15:21:30+08:00 ] ::1 /shenyangjy/Home/Index/Home/assets/js/bootstrap.min.js
ERR: 非法操作:Home

[ 2018-08-14T15:21:31+08:00 ] ::1 /shenyangjy/Home/Index/Home/assets/js/plugins/slick/slick.min.js
ERR: 非法操作:Home

[ 2018-08-14T15:21:31+08:00 ] ::1 /shenyangjy/Home/Index/Home/assets/js/plugins/stellar/jquery.stellar.min.js
ERR: 非法操作:Home

[ 2018-08-14T15:21:31+08:00 ] ::1 /shenyangjy/Home/Index/Home/assets/js/repute-scripts.js
ERR: 非法操作:Home

[ 2018-08-14T15:21:37+08:00 ] ::1 /shenyangjy/Home/Index/font_awesome/css/font-awesome.min.css
ERR: 非法操作:font_awesome

[ 2018-08-14T15:21:37+08:00 ] ::1 /shenyangjy/Home/Index/Home/assets/css/main.css
ERR: 非法操作:Home

[ 2018-08-14T15:21:37+08:00 ] ::1 /shenyangjy/Home/Index/Home/assets/css/bootstrap.css
ERR: 非法操作:Home

[ 2018-08-14T15:21:37+08:00 ] ::1 /shenyangjy/Home/Index/Home/assets/css/font-awesome.min.css
ERR: 非法操作:Home

[ 2018-08-14T15:21:37+08:00 ] ::1 /shenyangjy/Home/Index/Home/assets/css/my-custom-styles.css
ERR: 非法操作:Home

[ 2018-08-14T15:21:37+08:00 ] ::1 /shenyangjy/Home/Index/Home/assets/js/bootstrap.min.js
ERR: 非法操作:Home

[ 2018-08-14T15:21:37+08:00 ] ::1 /shenyangjy/Home/Index/Home/assets/js/jquery-2.1.1.min.js
ERR: 非法操作:Home

[ 2018-08-14T15:21:37+08:00 ] ::1 /shenyangjy/Home/Index/Home/assets/js/plugins/stellar/jquery.stellar.min.js
ERR: 非法操作:Home

[ 2018-08-14T15:21:37+08:00 ] ::1 /shenyangjy/Home/Index/Home/assets/js/plugins/slick/slick.min.js
ERR: 非法操作:Home

[ 2018-08-14T15:21:37+08:00 ] ::1 /shenyangjy/Home/Index/Home/assets/js/repute-scripts.js
ERR: 非法操作:Home

[ 2018-08-14T15:21:37+08:00 ] ::1 /shenyangjy/Home/Index/Home/assets/js/bootstrap.min.js
ERR: 非法操作:Home

[ 2018-08-14T15:21:37+08:00 ] ::1 /shenyangjy/Home/Index/Home/assets/js/plugins/slick/slick.min.js
ERR: 非法操作:Home

[ 2018-08-14T15:21:37+08:00 ] ::1 /shenyangjy/Home/Index/Home/assets/js/plugins/stellar/jquery.stellar.min.js
ERR: 非法操作:Home

[ 2018-08-14T15:21:37+08:00 ] ::1 /shenyangjy/Home/Index/Home/assets/js/repute-scripts.js
ERR: 非法操作:Home

[ 2018-08-14T15:21:40+08:00 ] ::1 /shenyangjy/Home/font_awesome/css/font-awesome.min.css
ERR: 无法加载控制器:Font_awesome

[ 2018-08-14T15:21:40+08:00 ] ::1 /shenyangjy/Home/Home/assets/css/font-awesome.min.css
ERR: 无法加载控制器:Home

[ 2018-08-14T15:21:40+08:00 ] ::1 /shenyangjy/Home/Home/assets/css/my-custom-styles.css
ERR: 无法加载控制器:Home

[ 2018-08-14T15:21:40+08:00 ] ::1 /shenyangjy/Home/Home/assets/css/main.css
ERR: 无法加载控制器:Home

[ 2018-08-14T15:21:40+08:00 ] ::1 /shenyangjy/Home/Home/assets/css/bootstrap.css
ERR: 无法加载控制器:Home

[ 2018-08-14T15:21:41+08:00 ] ::1 /shenyangjy/Home/Home/assets/js/bootstrap.min.js
ERR: 无法加载控制器:Home

[ 2018-08-14T15:21:41+08:00 ] ::1 /shenyangjy/Home/Home/assets/js/plugins/slick/slick.min.js
ERR: 无法加载控制器:Home

[ 2018-08-14T15:21:41+08:00 ] ::1 /shenyangjy/Home/Home/assets/js/repute-scripts.js
ERR: 无法加载控制器:Home

[ 2018-08-14T15:21:41+08:00 ] ::1 /shenyangjy/Home/Home/assets/js/jquery-2.1.1.min.js
ERR: 无法加载控制器:Home

[ 2018-08-14T15:21:41+08:00 ] ::1 /shenyangjy/Home/Home/assets/js/plugins/stellar/jquery.stellar.min.js
ERR: 无法加载控制器:Home

[ 2018-08-14T15:21:41+08:00 ] ::1 /shenyangjy/Home/Home/assets/js/bootstrap.min.js
ERR: 无法加载控制器:Home

[ 2018-08-14T15:21:41+08:00 ] ::1 /shenyangjy/Home/Home/assets/js/plugins/slick/slick.min.js
ERR: 无法加载控制器:Home

[ 2018-08-14T15:21:41+08:00 ] ::1 /shenyangjy/Home/Home/assets/js/plugins/stellar/jquery.stellar.min.js
ERR: 无法加载控制器:Home

[ 2018-08-14T15:21:41+08:00 ] ::1 /shenyangjy/Home/Home/assets/js/repute-scripts.js
ERR: 无法加载控制器:Home

[ 2018-08-14T15:23:07+08:00 ] ::1 /shenyangjy/Home/font_awesome/css/font-awesome.min.css
ERR: 无法加载控制器:Font_awesome

[ 2018-08-14T15:23:07+08:00 ] ::1 /shenyangjy/index.php/Home/assets/css/bootstrap.css
ERR: 无法加载控制器:Assets

[ 2018-08-14T15:23:07+08:00 ] ::1 /shenyangjy/index.php/Home/assets/css/font-awesome.min.css
ERR: 无法加载控制器:Assets

[ 2018-08-14T15:23:07+08:00 ] ::1 /shenyangjy/index.php/Home/assets/css/main.css
ERR: 无法加载控制器:Assets

[ 2018-08-14T15:23:07+08:00 ] ::1 /shenyangjy/index.php/Home/assets/css/my-custom-styles.css
ERR: 无法加载控制器:Assets

[ 2018-08-14T15:23:07+08:00 ] ::1 /shenyangjy/index.php/Home/assets/js/jquery-2.1.1.min.js
ERR: 无法加载控制器:Assets

[ 2018-08-14T15:23:07+08:00 ] ::1 /shenyangjy/index.php/Home/assets/js/plugins/slick/slick.min.js
ERR: 无法加载控制器:Assets

[ 2018-08-14T15:23:07+08:00 ] ::1 /shenyangjy/index.php/Home/assets/js/bootstrap.min.js
ERR: 无法加载控制器:Assets

[ 2018-08-14T15:23:07+08:00 ] ::1 /shenyangjy/index.php/Home/assets/js/plugins/stellar/jquery.stellar.min.js
ERR: 无法加载控制器:Assets

[ 2018-08-14T15:23:07+08:00 ] ::1 /shenyangjy/index.php/Home/assets/js/repute-scripts.js
ERR: 无法加载控制器:Assets

[ 2018-08-14T15:23:08+08:00 ] ::1 /shenyangjy/index.php/Home/assets/js/bootstrap.min.js
ERR: 无法加载控制器:Assets

[ 2018-08-14T15:23:08+08:00 ] ::1 /shenyangjy/index.php/Home/assets/js/plugins/slick/slick.min.js
ERR: 无法加载控制器:Assets

[ 2018-08-14T15:23:08+08:00 ] ::1 /shenyangjy/index.php/Home/assets/js/plugins/stellar/jquery.stellar.min.js
ERR: 无法加载控制器:Assets

[ 2018-08-14T15:23:08+08:00 ] ::1 /shenyangjy/index.php/Home/assets/js/repute-scripts.js
ERR: 无法加载控制器:Assets

[ 2018-08-14T15:23:55+08:00 ] ::1 /shenyangjy/Home/font_awesome/css/font-awesome.min.css
ERR: 无法加载控制器:Font_awesome

[ 2018-08-14T15:25:43+08:00 ] ::1 /shenyangjy/Home/font_awesome/css/font-awesome.min.css
ERR: 无法加载控制器:Font_awesome

[ 2018-08-14T15:27:13+08:00 ] ::1 /shenyangjy/Home/font_awesome/css/font-awesome.min.css
ERR: 无法加载控制器:Font_awesome

[ 2018-08-14T15:31:26+08:00 ] ::1 /shenyangjy/Home/Pages/assets/css/bootstrap.css
ERR: 非法操作:assets

[ 2018-08-14T15:31:26+08:00 ] ::1 /shenyangjy/Home/Pages/assets/css/main.css
ERR: 非法操作:assets

[ 2018-08-14T15:31:26+08:00 ] ::1 /shenyangjy/Home/Pages/assets/css/font-awesome.min.css
ERR: 非法操作:assets

[ 2018-08-14T15:31:26+08:00 ] ::1 /shenyangjy/Home/Pages/assets/css/my-custom-styles.css
ERR: 非法操作:assets

[ 2018-08-14T15:31:26+08:00 ] ::1 /shenyangjy/Home/Pages/assets/js/jquery-2.1.1.min.js
ERR: 非法操作:assets

[ 2018-08-14T15:31:26+08:00 ] ::1 /shenyangjy/Home/Pages/assets/js/plugins/fitvids/jquery.fitvids.js
ERR: 非法操作:assets

[ 2018-08-14T15:31:26+08:00 ] ::1 /shenyangjy/Home/Pages/assets/js/repute-scripts.js
ERR: 非法操作:assets

[ 2018-08-14T15:31:26+08:00 ] ::1 /shenyangjy/Home/Pages/assets/js/bootstrap.min.js
ERR: 非法操作:assets

[ 2018-08-14T15:31:26+08:00 ] ::1 /shenyangjy/Home/Pages/assets/js/bootstrap.min.js
ERR: 非法操作:assets

[ 2018-08-14T15:31:26+08:00 ] ::1 /shenyangjy/Home/Pages/assets/js/plugins/fitvids/jquery.fitvids.js
ERR: 非法操作:assets

[ 2018-08-14T15:31:26+08:00 ] ::1 /shenyangjy/Home/Pages/assets/js/repute-scripts.js
ERR: 非法操作:assets

[ 2018-08-14T15:31:56+08:00 ] ::1 /shenyangjy/Home/Pages/assets/css/bootstrap.css
ERR: 非法操作:assets

[ 2018-08-14T15:31:56+08:00 ] ::1 /shenyangjy/Home/Pages/assets/css/font-awesome.min.css
ERR: 非法操作:assets

[ 2018-08-14T15:31:56+08:00 ] ::1 /shenyangjy/Home/Pages/assets/css/main.css
ERR: 非法操作:assets

[ 2018-08-14T15:31:56+08:00 ] ::1 /shenyangjy/Home/Pages/assets/css/my-custom-styles.css
ERR: 非法操作:assets

[ 2018-08-14T15:31:56+08:00 ] ::1 /shenyangjy/Home/Pages/assets/js/jquery-2.1.1.min.js
ERR: 非法操作:assets

[ 2018-08-14T15:31:56+08:00 ] ::1 /shenyangjy/Home/Pages/assets/js/plugins/fitvids/jquery.fitvids.js
ERR: 非法操作:assets

[ 2018-08-14T15:31:56+08:00 ] ::1 /shenyangjy/Home/Pages/assets/js/repute-scripts.js
ERR: 非法操作:assets

[ 2018-08-14T15:31:56+08:00 ] ::1 /shenyangjy/Home/Pages/assets/js/bootstrap.min.js
ERR: 非法操作:assets

[ 2018-08-14T15:31:56+08:00 ] ::1 /shenyangjy/Home/Pages/assets/js/bootstrap.min.js
ERR: 非法操作:assets

[ 2018-08-14T15:31:56+08:00 ] ::1 /shenyangjy/Home/Pages/assets/js/plugins/fitvids/jquery.fitvids.js
ERR: 非法操作:assets

[ 2018-08-14T15:31:56+08:00 ] ::1 /shenyangjy/Home/Pages/assets/js/repute-scripts.js
ERR: 非法操作:assets

[ 2018-08-14T15:32:04+08:00 ] ::1 /shenyangjy/Home/Pages/assets/css/bootstrap.css
ERR: 非法操作:assets

[ 2018-08-14T15:32:04+08:00 ] ::1 /shenyangjy/Home/Pages/assets/css/main.css
ERR: 非法操作:assets

[ 2018-08-14T15:32:04+08:00 ] ::1 /shenyangjy/Home/Pages/assets/css/font-awesome.min.css
ERR: 非法操作:assets

[ 2018-08-14T15:32:04+08:00 ] ::1 /shenyangjy/Home/Pages/assets/css/my-custom-styles.css
ERR: 非法操作:assets

[ 2018-08-14T15:32:04+08:00 ] ::1 /shenyangjy/Home/Pages/assets/js/jquery-2.1.1.min.js
ERR: 非法操作:assets

[ 2018-08-14T15:32:04+08:00 ] ::1 /shenyangjy/Home/Pages/assets/js/bootstrap.min.js
ERR: 非法操作:assets

[ 2018-08-14T15:32:04+08:00 ] ::1 /shenyangjy/Home/Pages/assets/js/plugins/fitvids/jquery.fitvids.js
ERR: 非法操作:assets

[ 2018-08-14T15:32:04+08:00 ] ::1 /shenyangjy/Home/Pages/assets/js/repute-scripts.js
ERR: 非法操作:assets

[ 2018-08-14T15:32:04+08:00 ] ::1 /shenyangjy/Home/Pages/assets/js/bootstrap.min.js
ERR: 非法操作:assets

[ 2018-08-14T15:32:04+08:00 ] ::1 /shenyangjy/Home/Pages/assets/js/plugins/fitvids/jquery.fitvids.js
ERR: 非法操作:assets

[ 2018-08-14T15:32:04+08:00 ] ::1 /shenyangjy/Home/Pages/assets/js/repute-scripts.js
ERR: 非法操作:assets

[ 2018-08-14T15:34:00+08:00 ] ::1 /shenyangjy/index.php/Home/assets/css/bootstrap.css
ERR: 无法加载控制器:Assets

[ 2018-08-14T15:34:00+08:00 ] ::1 /shenyangjy/index.php/Home/assets/css/main.css
ERR: 无法加载控制器:Assets

[ 2018-08-14T15:34:00+08:00 ] ::1 /shenyangjy/index.php/Home/assets/css/font-awesome.min.css
ERR: 无法加载控制器:Assets

[ 2018-08-14T15:34:00+08:00 ] ::1 /shenyangjy/index.php/Home/assets/css/my-custom-styles.css
ERR: 无法加载控制器:Assets

[ 2018-08-14T15:34:00+08:00 ] ::1 /shenyangjy/index.php/Home/assets/js/jquery-2.1.1.min.js
ERR: 无法加载控制器:Assets

[ 2018-08-14T15:34:00+08:00 ] ::1 /shenyangjy/index.php/Home/assets/js/repute-scripts.js
ERR: 无法加载控制器:Assets

[ 2018-08-14T15:34:00+08:00 ] ::1 /shenyangjy/index.php/Home/assets/js/bootstrap.min.js
ERR: 无法加载控制器:Assets

[ 2018-08-14T15:34:00+08:00 ] ::1 /shenyangjy/index.php/Home/assets/js/plugins/fitvids/jquery.fitvids.js
ERR: 无法加载控制器:Assets

[ 2018-08-14T15:34:00+08:00 ] ::1 /shenyangjy/index.php/Home/assets/js/bootstrap.min.js
ERR: 无法加载控制器:Assets

[ 2018-08-14T15:34:00+08:00 ] ::1 /shenyangjy/index.php/Home/assets/js/plugins/fitvids/jquery.fitvids.js
ERR: 无法加载控制器:Assets

[ 2018-08-14T15:34:00+08:00 ] ::1 /shenyangjy/index.php/Home/assets/js/repute-scripts.js
ERR: 无法加载控制器:Assets

[ 2018-08-14T15:36:11+08:00 ] ::1 /shenyangjy/Home/Pages/Pages/about_us
ERR: 非法操作:Pages

[ 2018-08-14T15:39:56+08:00 ] ::1 /shenyangjy/index.php/Home/Pages/baiduMap.html
ERR: 非法操作:baiduMap

[ 2018-08-14T15:59:29+08:00 ] ::1 /shenyangjy/Home/Pages/assets/css/bootstrap.css
ERR: 非法操作:assets

[ 2018-08-14T15:59:29+08:00 ] ::1 /shenyangjy/Home/Pages/assets/css/font-awesome.min.css
ERR: 非法操作:assets

[ 2018-08-14T15:59:29+08:00 ] ::1 /shenyangjy/Home/Pages/assets/css/main.css
ERR: 非法操作:assets

[ 2018-08-14T15:59:29+08:00 ] ::1 /shenyangjy/Home/Pages/assets/css/my-custom-styles.css
ERR: 非法操作:assets

[ 2018-08-14T15:59:29+08:00 ] ::1 /shenyangjy/Home/Pages/assets/js/jquery-2.1.1.min.js
ERR: 非法操作:assets

[ 2018-08-14T15:59:29+08:00 ] ::1 /shenyangjy/Home/Pages/assets/js/repute-scripts.js
ERR: 非法操作:assets

[ 2018-08-14T15:59:29+08:00 ] ::1 /shenyangjy/Home/Pages/assets/js/bootstrap.min.js
ERR: 非法操作:assets

[ 2018-08-14T15:59:29+08:00 ] ::1 /shenyangjy/Home/Pages/assets/js/plugins/fitvids/jquery.fitvids.js
ERR: 非法操作:assets

[ 2018-08-14T15:59:29+08:00 ] ::1 /shenyangjy/Home/Pages/assets/js/bootstrap.min.js
ERR: 非法操作:assets

[ 2018-08-14T15:59:29+08:00 ] ::1 /shenyangjy/Home/Pages/assets/js/plugins/fitvids/jquery.fitvids.js
ERR: 非法操作:assets

[ 2018-08-14T15:59:29+08:00 ] ::1 /shenyangjy/Home/Pages/assets/js/repute-scripts.js
ERR: 非法操作:assets

[ 2018-08-14T15:59:33+08:00 ] ::1 /shenyangjy/Home/Pages/assets/css/font-awesome.min.css
ERR: 非法操作:assets

[ 2018-08-14T15:59:33+08:00 ] ::1 /shenyangjy/Home/Pages/assets/css/main.css
ERR: 非法操作:assets

[ 2018-08-14T15:59:33+08:00 ] ::1 /shenyangjy/Home/Pages/assets/css/my-custom-styles.css
ERR: 非法操作:assets

[ 2018-08-14T15:59:33+08:00 ] ::1 /shenyangjy/Home/Pages/assets/css/bootstrap.css
ERR: 非法操作:assets

[ 2018-08-14T15:59:33+08:00 ] ::1 /shenyangjy/Home/Pages/assets/js/jquery-2.1.1.min.js
ERR: 非法操作:assets

[ 2018-08-14T15:59:33+08:00 ] ::1 /shenyangjy/Home/Pages/assets/js/repute-scripts.js
ERR: 非法操作:assets

[ 2018-08-14T15:59:33+08:00 ] ::1 /shenyangjy/Home/Pages/assets/js/bootstrap.min.js
ERR: 非法操作:assets

[ 2018-08-14T15:59:33+08:00 ] ::1 /shenyangjy/Home/Pages/assets/js/plugins/isotope/isotope.pkgd.js
ERR: 非法操作:assets

[ 2018-08-14T15:59:33+08:00 ] ::1 /shenyangjy/Home/Pages/assets/js/repute-scripts.js
ERR: 非法操作:assets

[ 2018-08-14T15:59:38+08:00 ] ::1 /shenyangjy/Home/Pages/assets/css/bootstrap.css
ERR: 非法操作:assets

[ 2018-08-14T15:59:38+08:00 ] ::1 /shenyangjy/Home/Pages/assets/css/main.css
ERR: 非法操作:assets

[ 2018-08-14T15:59:38+08:00 ] ::1 /shenyangjy/Home/Pages/assets/css/font-awesome.min.css
ERR: 非法操作:assets

[ 2018-08-14T15:59:38+08:00 ] ::1 /shenyangjy/Home/Pages/assets/css/my-custom-styles.css
ERR: 非法操作:assets

[ 2018-08-14T15:59:38+08:00 ] ::1 /shenyangjy/Home/Pages/assets/js/jquery-2.1.1.min.js
ERR: 非法操作:assets

[ 2018-08-14T15:59:38+08:00 ] ::1 /shenyangjy/Home/Pages/assets/js/bootstrap.min.js
ERR: 非法操作:assets

[ 2018-08-14T15:59:38+08:00 ] ::1 /shenyangjy/Home/Pages/assets/js/plugins/fitvids/jquery.fitvids.js
ERR: 非法操作:assets

[ 2018-08-14T15:59:38+08:00 ] ::1 /shenyangjy/Home/Pages/assets/js/repute-scripts.js
ERR: 非法操作:assets

[ 2018-08-14T15:59:38+08:00 ] ::1 /shenyangjy/Home/Pages/assets/js/bootstrap.min.js
ERR: 非法操作:assets

[ 2018-08-14T15:59:38+08:00 ] ::1 /shenyangjy/Home/Pages/assets/js/plugins/fitvids/jquery.fitvids.js
ERR: 非法操作:assets

[ 2018-08-14T15:59:38+08:00 ] ::1 /shenyangjy/Home/Pages/assets/js/repute-scripts.js
ERR: 非法操作:assets

[ 2018-08-14T15:59:41+08:00 ] ::1 /shenyangjy/Home/Pages/assets/css/bootstrap.css
ERR: 非法操作:assets

[ 2018-08-14T15:59:41+08:00 ] ::1 /shenyangjy/Home/Pages/assets/css/font-awesome.min.css
ERR: 非法操作:assets

[ 2018-08-14T15:59:41+08:00 ] ::1 /shenyangjy/Home/Pages/assets/css/my-custom-styles.css
ERR: 非法操作:assets

[ 2018-08-14T15:59:41+08:00 ] ::1 /shenyangjy/Home/Pages/assets/css/main.css
ERR: 非法操作:assets

[ 2018-08-14T15:59:41+08:00 ] ::1 /shenyangjy/Home/Pages/assets/js/jquery-2.1.1.min.js
ERR: 非法操作:assets

[ 2018-08-14T15:59:41+08:00 ] ::1 /shenyangjy/Home/Pages/assets/js/bootstrap.min.js
ERR: 非法操作:assets

[ 2018-08-14T15:59:41+08:00 ] ::1 /shenyangjy/Home/Pages/assets/js/repute-scripts.js
ERR: 非法操作:assets

[ 2018-08-14T15:59:41+08:00 ] ::1 /shenyangjy/Home/Pages/assets/js/plugins/isotope/isotope.pkgd.js
ERR: 非法操作:assets

[ 2018-08-14T15:59:41+08:00 ] ::1 /shenyangjy/Home/Pages/assets/js/bootstrap.min.js
ERR: 非法操作:assets

[ 2018-08-14T15:59:41+08:00 ] ::1 /shenyangjy/Home/Pages/assets/js/plugins/isotope/isotope.pkgd.js
ERR: 非法操作:assets

[ 2018-08-14T15:59:41+08:00 ] ::1 /shenyangjy/Home/Pages/assets/js/repute-scripts.js
ERR: 非法操作:assets

[ 2018-08-14T15:59:45+08:00 ] ::1 /shenyangjy/Home/Pages/assets/css/bootstrap.css
ERR: 非法操作:assets

[ 2018-08-14T15:59:45+08:00 ] ::1 /shenyangjy/Home/Pages/assets/css/main.css
ERR: 非法操作:assets

[ 2018-08-14T15:59:45+08:00 ] ::1 /shenyangjy/Home/Pages/assets/css/font-awesome.min.css
ERR: 非法操作:assets

[ 2018-08-14T15:59:45+08:00 ] ::1 /shenyangjy/Home/Pages/assets/css/my-custom-styles.css
ERR: 非法操作:assets

[ 2018-08-14T15:59:45+08:00 ] ::1 /shenyangjy/Home/Pages/assets/js/jquery-2.1.1.min.js
ERR: 非法操作:assets

[ 2018-08-14T15:59:45+08:00 ] ::1 /shenyangjy/Home/Pages/assets/js/repute-scripts.js
ERR: 非法操作:assets

[ 2018-08-14T15:59:45+08:00 ] ::1 /shenyangjy/Home/Pages/assets/js/bootstrap.min.js
ERR: 非法操作:assets

[ 2018-08-14T15:59:45+08:00 ] ::1 /shenyangjy/Home/Pages/assets/js/bootstrap.min.js
ERR: 非法操作:assets

[ 2018-08-14T15:59:45+08:00 ] ::1 /shenyangjy/Home/Pages/assets/js/repute-scripts.js
ERR: 非法操作:assets

[ 2018-08-14T15:59:48+08:00 ] ::1 /shenyangjy/Home/Pages/assets/css/bootstrap.css
ERR: 非法操作:assets

[ 2018-08-14T15:59:48+08:00 ] ::1 /shenyangjy/Home/Pages/assets/css/main.css
ERR: 非法操作:assets

[ 2018-08-14T15:59:48+08:00 ] ::1 /shenyangjy/Home/Pages/assets/css/font-awesome.min.css
ERR: 非法操作:assets

[ 2018-08-14T15:59:48+08:00 ] ::1 /shenyangjy/Home/Pages/assets/css/my-custom-styles.css
ERR: 非法操作:assets

[ 2018-08-14T15:59:48+08:00 ] ::1 /shenyangjy/Home/Pages/assets/js/jquery-2.1.1.min.js
ERR: 非法操作:assets

[ 2018-08-14T15:59:48+08:00 ] ::1 /shenyangjy/Home/Pages/assets/js/bootstrap.min.js
ERR: 非法操作:assets

[ 2018-08-14T15:59:48+08:00 ] ::1 /shenyangjy/Home/Pages/assets/js/repute-scripts.js
ERR: 非法操作:assets

[ 2018-08-14T15:59:48+08:00 ] ::1 /shenyangjy/Home/Pages/assets/js/plugins/google-map/google-map.js
ERR: 非法操作:assets

[ 2018-08-14T15:59:48+08:00 ] ::1 /shenyangjy/Home/Pages/assets/js/bootstrap.min.js
ERR: 非法操作:assets

[ 2018-08-14T15:59:48+08:00 ] ::1 /shenyangjy/Home/Pages/assets/js/plugins/google-map/google-map.js
ERR: 非法操作:assets

[ 2018-08-14T15:59:48+08:00 ] ::1 /shenyangjy/Home/Pages/assets/js/repute-scripts.js
ERR: 非法操作:assets

