[ 2018-08-14T14:39:58+08:00 ] ::1 /shenyangjy/index.php/assets/css/font-awesome.min.css
ERR: 无法加载模块:Assets

[ 2018-08-14T14:39:58+08:00 ] ::1 /shenyangjy/index.php/assets/css/my-custom-styles.css
ERR: 无法加载模块:Assets

[ 2018-08-14T14:39:58+08:00 ] ::1 /shenyangjy/index.php/assets/css/main.css
ERR: 无法加载模块:Assets

[ 2018-08-14T14:39:58+08:00 ] ::1 /shenyangjy/index.php//shenyangjy/index.php/assets/img/logo/LogoTest.png
ERR: 无法加载模块:Shenyangjy

[ 2018-08-14T14:39:58+08:00 ] ::1 /shenyangjy/index.php/assets/img/team/person1.png
ERR: 无法加载模块:Assets

[ 2018-08-14T14:39:58+08:00 ] ::1 /shenyangjy/index.php/assets/css/bootstrap.css
ERR: 无法加载模块:Assets

[ 2018-08-14T14:39:58+08:00 ] ::1 /shenyangjy/index.php/assets/js/jquery-2.1.1.min.js
ERR: 无法加载模块:Assets

[ 2018-08-14T14:39:58+08:00 ] ::1 /shenyangjy/index.php/assets/js/bootstrap.min.js
ERR: 无法加载模块:Assets

[ 2018-08-14T14:39:58+08:00 ] ::1 /shenyangjy/index.php/assets/js/plugins/fitvids/jquery.fitvids.js
ERR: 无法加载模块:Assets

[ 2018-08-14T14:39:58+08:00 ] ::1 /shenyangjy/index.php/assets/js/repute-scripts.js
ERR: 无法加载模块:Assets

[ 2018-08-14T14:39:58+08:00 ] ::1 /shenyangjy/index.php/assets/img/team/person2.png
ERR: 无法加载模块:Assets

[ 2018-08-14T14:39:58+08:00 ] ::1 /shenyangjy/index.php/assets/img/team/person3.png
ERR: 无法加载模块:Assets

[ 2018-08-14T14:39:58+08:00 ] ::1 /shenyangjy/index.php/assets/img/team/person4.png
ERR: 无法加载模块:Assets

[ 2018-08-14T14:39:58+08:00 ] ::1 /shenyangjy/index.php/assets/img/clients/logo1.png
ERR: 无法加载模块:Assets

[ 2018-08-14T14:39:58+08:00 ] ::1 /shenyangjy/index.php/assets/img/clients/logo2.png
ERR: 无法加载模块:Assets

[ 2018-08-14T14:39:58+08:00 ] ::1 /shenyangjy/index.php/assets/img/clients/logo3.png
ERR: 无法加载模块:Assets

[ 2018-08-14T14:39:58+08:00 ] ::1 /shenyangjy/index.php/assets/img/clients/logo4.png
ERR: 无法加载模块:Assets

[ 2018-08-14T14:39:58+08:00 ] ::1 /shenyangjy/index.php/assets/img/logo/repute-logo-light.png
ERR: 无法加载模块:Assets

[ 2018-08-14T14:39:58+08:00 ] ::1 /shenyangjy/index.php/assets/img/clients/logo5.png
ERR: 无法加载模块:Assets

[ 2018-08-14T14:40:19+08:00 ] ::1 /shenyangjy/index.php/assets/css/bootstrap.css
ERR: 无法加载模块:Assets

[ 2018-08-14T14:40:19+08:00 ] ::1 /shenyangjy/index.php/assets/css/main.css
ERR: 无法加载模块:Assets

[ 2018-08-14T14:40:19+08:00 ] ::1 /shenyangjy/index.php/assets/css/my-custom-styles.css
ERR: 无法加载模块:Assets

[ 2018-08-14T14:40:19+08:00 ] ::1 /shenyangjy/index.php//shenyangjy/index.php/assets/img/logo/LogoTest.png
ERR: 无法加载模块:Shenyangjy

[ 2018-08-14T14:40:19+08:00 ] ::1 /shenyangjy/index.php/assets/img/team/person1.png
ERR: 无法加载模块:Assets

[ 2018-08-14T14:40:19+08:00 ] ::1 /shenyangjy/index.php/assets/css/font-awesome.min.css
ERR: 无法加载模块:Assets

[ 2018-08-14T14:40:19+08:00 ] ::1 /shenyangjy/index.php/assets/js/jquery-2.1.1.min.js
ERR: 无法加载模块:Assets

[ 2018-08-14T14:40:19+08:00 ] ::1 /shenyangjy/index.php/assets/js/bootstrap.min.js
ERR: 无法加载模块:Assets

[ 2018-08-14T14:40:19+08:00 ] ::1 /shenyangjy/index.php/assets/img/team/person2.png
ERR: 无法加载模块:Assets

[ 2018-08-14T14:40:19+08:00 ] ::1 /shenyangjy/index.php/assets/js/plugins/fitvids/jquery.fitvids.js
ERR: 无法加载模块:Assets

[ 2018-08-14T14:40:19+08:00 ] ::1 /shenyangjy/index.php/assets/js/repute-scripts.js
ERR: 无法加载模块:Assets

[ 2018-08-14T14:40:19+08:00 ] ::1 /shenyangjy/index.php/assets/img/team/person3.png
ERR: 无法加载模块:Assets

[ 2018-08-14T14:40:19+08:00 ] ::1 /shenyangjy/index.php/assets/img/clients/logo1.png
ERR: 无法加载模块:Assets

[ 2018-08-14T14:40:19+08:00 ] ::1 /shenyangjy/index.php/assets/img/team/person4.png
ERR: 无法加载模块:Assets

[ 2018-08-14T14:40:19+08:00 ] ::1 /shenyangjy/index.php/assets/img/clients/logo2.png
ERR: 无法加载模块:Assets

[ 2018-08-14T14:40:19+08:00 ] ::1 /shenyangjy/index.php/assets/img/clients/logo3.png
ERR: 无法加载模块:Assets

[ 2018-08-14T14:40:19+08:00 ] ::1 /shenyangjy/index.php/assets/img/clients/logo4.png
ERR: 无法加载模块:Assets

[ 2018-08-14T14:40:19+08:00 ] ::1 /shenyangjy/index.php/assets/js/repute-scripts.js
ERR: 无法加载模块:Assets

[ 2018-08-14T14:40:19+08:00 ] ::1 /shenyangjy/index.php/assets/img/clients/logo5.png
ERR: 无法加载模块:Assets

[ 2018-08-14T14:40:19+08:00 ] ::1 /shenyangjy/index.php/assets/img/logo/repute-logo-light.png
ERR: 无法加载模块:Assets

[ 2018-08-14T14:41:13+08:00 ] ::1 /shenyangjy/index.php/assets/ico/favicon.png
ERR: 无法加载模块:Assets

[ 2018-08-14T15:03:50+08:00 ] ::1 /shenyangjy/i
ERR: 无法加载模块:I

[ 2018-08-14T15:25:43+08:00 ] ::1 /shenyangjy//shenyangjy/index.php/Uploads/Images/ding.gif
ERR: 无法加载模块:Shenyangjy

[ 2018-08-14T15:27:13+08:00 ] ::1 /shenyangjy//shenyangjy/Uploads/Images/ding.gif
ERR: 无法加载模块:Shenyangjy

[ 2018-08-14T15:29:20+08:00 ] ::1 /shenyangjy//shenyangjy/Uploads/Images/ding.gif
ERR: 无法加载模块:Shenyangjy

[ 2018-08-14T15:30:00+08:00 ] ::1 /shenyangjy//shenyangjy/Uploads/Images/ding.gif
ERR: 无法加载模块:Shenyangjy

[ 2018-08-14T15:34:37+08:00 ] ::1 /shenyangjy/assets/css/bootstrap.css
ERR: 无法加载模块:Assets

[ 2018-08-14T15:34:37+08:00 ] ::1 /shenyangjy/assets/css/font-awesome.min.css
ERR: 无法加载模块:Assets

[ 2018-08-14T15:34:37+08:00 ] ::1 /shenyangjy/assets/css/main.css
ERR: 无法加载模块:Assets

[ 2018-08-14T15:34:37+08:00 ] ::1 /shenyangjy/assets/img/logo/LogoTest.png
ERR: 无法加载模块:Assets

[ 2018-08-14T15:34:37+08:00 ] ::1 /shenyangjy/assets/img/team/person1.png
ERR: 无法加载模块:Assets

[ 2018-08-14T15:34:37+08:00 ] ::1 /shenyangjy/assets/css/my-custom-styles.css
ERR: 无法加载模块:Assets

[ 2018-08-14T15:34:37+08:00 ] ::1 /shenyangjy/assets/js/bootstrap.min.js
ERR: 无法加载模块:Assets

[ 2018-08-14T15:34:37+08:00 ] ::1 /shenyangjy/assets/js/jquery-2.1.1.min.js
ERR: 无法加载模块:Assets

[ 2018-08-14T15:34:37+08:00 ] ::1 /shenyangjy/assets/js/plugins/fitvids/jquery.fitvids.js
ERR: 无法加载模块:Assets

[ 2018-08-14T15:34:37+08:00 ] ::1 /shenyangjy/assets/js/repute-scripts.js
ERR: 无法加载模块:Assets

[ 2018-08-14T15:34:37+08:00 ] ::1 /shenyangjy/assets/img/team/person3.png
ERR: 无法加载模块:Assets

[ 2018-08-14T15:34:37+08:00 ] ::1 /shenyangjy/assets/img/team/person2.png
ERR: 无法加载模块:Assets

[ 2018-08-14T15:34:37+08:00 ] ::1 /shenyangjy/assets/img/team/person4.png
ERR: 无法加载模块:Assets

[ 2018-08-14T15:34:37+08:00 ] ::1 /shenyangjy/assets/img/clients/logo1.png
ERR: 无法加载模块:Assets

[ 2018-08-14T15:34:37+08:00 ] ::1 /shenyangjy/assets/img/clients/logo2.png
ERR: 无法加载模块:Assets

[ 2018-08-14T15:34:37+08:00 ] ::1 /shenyangjy/assets/img/clients/logo5.png
ERR: 无法加载模块:Assets

[ 2018-08-14T15:34:37+08:00 ] ::1 /shenyangjy/assets/img/clients/logo4.png
ERR: 无法加载模块:Assets

[ 2018-08-14T15:34:37+08:00 ] ::1 /shenyangjy/assets/img/clients/logo3.png
ERR: 无法加载模块:Assets

[ 2018-08-14T15:34:37+08:00 ] ::1 /shenyangjy/assets/js/bootstrap.min.js
ERR: 无法加载模块:Assets

[ 2018-08-14T15:34:37+08:00 ] ::1 /shenyangjy/assets/img/logo/repute-logo-light.png
ERR: 无法加载模块:Assets

[ 2018-08-14T15:34:37+08:00 ] ::1 /shenyangjy/assets/js/plugins/fitvids/jquery.fitvids.js
ERR: 无法加载模块:Assets

[ 2018-08-14T15:34:37+08:00 ] ::1 /shenyangjy/assets/js/repute-scripts.js
ERR: 无法加载模块:Assets

[ 2018-08-14T15:35:16+08:00 ] ::1 /shenyangjy/assets/ico/favicon.png
ERR: 无法加载模块:Assets

[ 2018-08-14T15:36:17+08:00 ] ::1 /shenyangjy/assets/css/bootstrap.css
ERR: 无法加载模块:Assets

[ 2018-08-14T15:36:17+08:00 ] ::1 /shenyangjy/assets/css/font-awesome.min.css
ERR: 无法加载模块:Assets

[ 2018-08-14T15:36:17+08:00 ] ::1 /shenyangjy/assets/img/logo/LogoTest.png
ERR: 无法加载模块:Assets

[ 2018-08-14T15:36:17+08:00 ] ::1 /shenyangjy/assets/css/main.css
ERR: 无法加载模块:Assets

[ 2018-08-14T15:36:17+08:00 ] ::1 /shenyangjy/assets/css/my-custom-styles.css
ERR: 无法加载模块:Assets

[ 2018-08-14T15:36:17+08:00 ] ::1 /shenyangjy/assets/js/jquery-2.1.1.min.js
ERR: 无法加载模块:Assets

[ 2018-08-14T15:36:17+08:00 ] ::1 /shenyangjy/assets/js/plugins/slick/slick.min.js
ERR: 无法加载模块:Assets

[ 2018-08-14T15:36:17+08:00 ] ::1 /shenyangjy/assets/js/bootstrap.min.js
ERR: 无法加载模块:Assets

[ 2018-08-14T15:36:17+08:00 ] ::1 /shenyangjy/assets/js/plugins/stellar/jquery.stellar.min.js
ERR: 无法加载模块:Assets

[ 2018-08-14T15:36:17+08:00 ] ::1 /shenyangjy/assets/js/repute-scripts.js
ERR: 无法加载模块:Assets

[ 2018-08-14T15:36:17+08:00 ] ::1 /shenyangjy/assets/js/bootstrap.min.js
ERR: 无法加载模块:Assets

[ 2018-08-14T15:36:17+08:00 ] ::1 /shenyangjy/assets/js/plugins/slick/slick.min.js
ERR: 无法加载模块:Assets

[ 2018-08-14T15:36:17+08:00 ] ::1 /shenyangjy/assets/js/plugins/stellar/jquery.stellar.min.js
ERR: 无法加载模块:Assets

[ 2018-08-14T15:36:17+08:00 ] ::1 /shenyangjy/assets/js/repute-scripts.js
ERR: 无法加载模块:Assets

[ 2018-08-14T16:15:21+08:00 ] ::1 /shenyangjy/assets/css/bootstrap.css
ERR: 无法加载模块:Assets

[ 2018-08-14T16:15:21+08:00 ] ::1 /shenyangjy/assets/css/font-awesome.min.css
ERR: 无法加载模块:Assets

[ 2018-08-14T16:15:21+08:00 ] ::1 /shenyangjy/assets/img/logo/LogoTest.png
ERR: 无法加载模块:Assets

[ 2018-08-14T16:15:21+08:00 ] ::1 /shenyangjy/assets/css/main.css
ERR: 无法加载模块:Assets

[ 2018-08-14T16:15:21+08:00 ] ::1 /shenyangjy/assets/css/my-custom-styles.css
ERR: 无法加载模块:Assets

[ 2018-08-14T16:15:22+08:00 ] ::1 /shenyangjy/assets/js/jquery-2.1.1.min.js
ERR: 无法加载模块:Assets

[ 2018-08-14T16:15:22+08:00 ] ::1 /shenyangjy/assets/js/plugins/slick/slick.min.js
ERR: 无法加载模块:Assets

[ 2018-08-14T16:15:22+08:00 ] ::1 /shenyangjy/assets/js/plugins/stellar/jquery.stellar.min.js
ERR: 无法加载模块:Assets

[ 2018-08-14T16:15:22+08:00 ] ::1 /shenyangjy/assets/js/bootstrap.min.js
ERR: 无法加载模块:Assets

[ 2018-08-14T16:15:22+08:00 ] ::1 /shenyangjy/assets/js/repute-scripts.js
ERR: 无法加载模块:Assets

[ 2018-08-14T16:15:22+08:00 ] ::1 /shenyangjy/assets/js/plugins/slick/slick.min.js
ERR: 无法加载模块:Assets

[ 2018-08-14T16:15:22+08:00 ] ::1 /shenyangjy/assets/js/plugins/stellar/jquery.stellar.min.js
ERR: 无法加载模块:Assets

[ 2018-08-14T16:15:22+08:00 ] ::1 /shenyangjy/assets/js/repute-scripts.js
ERR: 无法加载模块:Assets

[ 2018-08-14T16:15:30+08:00 ] ::1 /shenyangjy/assets/css/bootstrap.css
ERR: 无法加载模块:Assets

[ 2018-08-14T16:15:30+08:00 ] ::1 /shenyangjy/assets/css/font-awesome.min.css
ERR: 无法加载模块:Assets

[ 2018-08-14T16:15:30+08:00 ] ::1 /shenyangjy/assets/css/my-custom-styles.css
ERR: 无法加载模块:Assets

[ 2018-08-14T16:15:30+08:00 ] ::1 /shenyangjy/assets/css/main.css
ERR: 无法加载模块:Assets

[ 2018-08-14T16:16:51+08:00 ] ::1 /shenyangjy/assets/img/logo/LogoTest.png
ERR: 无法加载模块:Assets

[ 2018-08-14T16:16:51+08:00 ] ::1 /shenyangjy/assets/js/jquery-2.1.1.min.js
ERR: 无法加载模块:Assets

[ 2018-08-14T16:16:51+08:00 ] ::1 /shenyangjy/assets/js/repute-scripts.js
ERR: 无法加载模块:Assets

[ 2018-08-14T16:16:51+08:00 ] ::1 /shenyangjy/assets/js/bootstrap.min.js
ERR: 无法加载模块:Assets

[ 2018-08-14T16:16:51+08:00 ] ::1 /shenyangjy/assets/js/plugins/stellar/jquery.stellar.min.js
ERR: 无法加载模块:Assets

[ 2018-08-14T16:16:51+08:00 ] ::1 /shenyangjy/assets/js/plugins/slick/slick.min.js
ERR: 无法加载模块:Assets

[ 2018-08-14T16:16:51+08:00 ] ::1 /shenyangjy/assets/js/bootstrap.min.js
ERR: 无法加载模块:Assets

[ 2018-08-14T16:16:51+08:00 ] ::1 /shenyangjy/assets/js/plugins/slick/slick.min.js
ERR: 无法加载模块:Assets

[ 2018-08-14T16:16:51+08:00 ] ::1 /shenyangjy/assets/js/plugins/stellar/jquery.stellar.min.js
ERR: 无法加载模块:Assets

[ 2018-08-14T16:16:51+08:00 ] ::1 /shenyangjy/assets/js/repute-scripts.js
ERR: 无法加载模块:Assets

[ 2018-08-14T16:17:04+08:00 ] ::1 /shenyangjy/assets/js/jquery-2.1.1.min.js
ERR: 无法加载模块:Assets

[ 2018-08-14T16:17:04+08:00 ] ::1 /shenyangjy/assets/js/plugins/slick/slick.min.js
ERR: 无法加载模块:Assets

[ 2018-08-14T16:17:04+08:00 ] ::1 /shenyangjy/assets/js/plugins/stellar/jquery.stellar.min.js
ERR: 无法加载模块:Assets

[ 2018-08-14T16:17:04+08:00 ] ::1 /shenyangjy/assets/js/bootstrap.min.js
ERR: 无法加载模块:Assets

[ 2018-08-14T16:17:04+08:00 ] ::1 /shenyangjy/assets/js/repute-scripts.js
ERR: 无法加载模块:Assets

[ 2018-08-14T16:17:04+08:00 ] ::1 /shenyangjy/assets/js/bootstrap.min.js
ERR: 无法加载模块:Assets

[ 2018-08-14T16:17:04+08:00 ] ::1 /shenyangjy/assets/js/plugins/slick/slick.min.js
ERR: 无法加载模块:Assets

[ 2018-08-14T16:17:04+08:00 ] ::1 /shenyangjy/assets/js/plugins/stellar/jquery.stellar.min.js
ERR: 无法加载模块:Assets

[ 2018-08-14T16:17:04+08:00 ] ::1 /shenyangjy/assets/js/repute-scripts.js
ERR: 无法加载模块:Assets

