[ 2018-08-01T15:49:24+08:00 ] ::1 /index.php/Admin/assets/vendor/bootstrap/css/bootstrap.min.css
ERR: 无法加载控制器:Assets

[ 2018-08-01T15:49:24+08:00 ] ::1 /index.php/Admin/assets/css/main.css
ERR: 无法加载控制器:Assets

[ 2018-08-01T15:49:24+08:00 ] ::1 /index.php/Admin/assets/vendor/linearicons/style.css
ERR: 无法加载控制器:Assets

[ 2018-08-01T15:49:24+08:00 ] ::1 /index.php/Admin/assets/vendor/font-awesome/css/font-awesome.min.css
ERR: 无法加载控制器:Assets

[ 2018-08-01T15:49:24+08:00 ] ::1 /index.php/Admin/assets/css/demo.css
ERR: 无法加载控制器:Assets

[ 2018-08-01T15:49:24+08:00 ] ::1 /index.php/Admin/assets/vendor/chartist/css/chartist-custom.css
ERR: 无法加载控制器:Assets

[ 2018-08-01T15:49:24+08:00 ] ::1 /index.php/Admin/assets/vendor/jquery/jquery.min.js
ERR: 无法加载控制器:Assets

[ 2018-08-01T15:49:45+08:00 ] ::1 /index.php/Admin/assets/vendor/font-awesome/css/font-awesome.min.css
ERR: 无法加载控制器:Assets

[ 2018-08-01T15:49:45+08:00 ] ::1 /index.php/Admin/assets/vendor/bootstrap/css/bootstrap.min.css
ERR: 无法加载控制器:Assets

[ 2018-08-01T15:49:45+08:00 ] ::1 /index.php/Admin/assets/vendor/chartist/css/chartist-custom.css
ERR: 无法加载控制器:Assets

[ 2018-08-01T15:49:45+08:00 ] ::1 /index.php/Admin/assets/css/main.css
ERR: 无法加载控制器:Assets

[ 2018-08-01T15:49:45+08:00 ] ::1 /index.php/Admin/assets/css/demo.css
ERR: 无法加载控制器:Assets

[ 2018-08-01T15:49:45+08:00 ] ::1 /index.php/Admin/assets/vendor/linearicons/style.css
ERR: 无法加载控制器:Assets

[ 2018-08-01T15:49:45+08:00 ] ::1 /index.php/Admin/assets/vendor/jquery/jquery.min.js
ERR: 无法加载控制器:Assets

[ 2018-08-01T15:49:49+08:00 ] ::1 /index.php/Admin/assets/vendor/linearicons/style.css
ERR: 无法加载控制器:Assets

[ 2018-08-01T15:49:49+08:00 ] ::1 /index.php/Admin/assets/vendor/chartist/css/chartist-custom.css
ERR: 无法加载控制器:Assets

[ 2018-08-01T15:49:49+08:00 ] ::1 /index.php/Admin/assets/vendor/font-awesome/css/font-awesome.min.css
ERR: 无法加载控制器:Assets

[ 2018-08-01T15:49:49+08:00 ] ::1 /index.php/Admin/assets/css/main.css
ERR: 无法加载控制器:Assets

[ 2018-08-01T15:49:49+08:00 ] ::1 /index.php/Admin/assets/vendor/bootstrap/css/bootstrap.min.css
ERR: 无法加载控制器:Assets

[ 2018-08-01T15:49:49+08:00 ] ::1 /index.php/Admin/assets/css/demo.css
ERR: 无法加载控制器:Assets

[ 2018-08-01T15:49:49+08:00 ] ::1 /index.php/Admin/assets/vendor/jquery/jquery.min.js
ERR: 无法加载控制器:Assets

[ 2018-08-01T15:49:54+08:00 ] ::1 /index.php/Admin/assets/vendor/font-awesome/css/font-awesome.min.css
ERR: 无法加载控制器:Assets

[ 2018-08-01T15:49:54+08:00 ] ::1 /index.php/Admin/assets/css/main.css
ERR: 无法加载控制器:Assets

[ 2018-08-01T15:49:54+08:00 ] ::1 /index.php/Admin/assets/vendor/chartist/css/chartist-custom.css
ERR: 无法加载控制器:Assets

[ 2018-08-01T15:49:54+08:00 ] ::1 /index.php/Admin/assets/vendor/linearicons/style.css
ERR: 无法加载控制器:Assets

[ 2018-08-01T15:49:54+08:00 ] ::1 /index.php/Admin/assets/vendor/bootstrap/css/bootstrap.min.css
ERR: 无法加载控制器:Assets

[ 2018-08-01T15:49:54+08:00 ] ::1 /index.php/Admin/assets/css/demo.css
ERR: 无法加载控制器:Assets

[ 2018-08-01T15:49:54+08:00 ] ::1 /index.php/Admin/assets/vendor/jquery/jquery.min.js
ERR: 无法加载控制器:Assets

[ 2018-08-01T15:50:17+08:00 ] ::1 /index.php/Admin/assets/vendor/bootstrap/css/bootstrap.min.css
ERR: 无法加载控制器:Assets

[ 2018-08-01T15:50:17+08:00 ] ::1 /index.php/Admin/assets/vendor/font-awesome/css/font-awesome.min.css
ERR: 无法加载控制器:Assets

[ 2018-08-01T15:50:17+08:00 ] ::1 /index.php/Admin/assets/vendor/chartist/css/chartist-custom.css
ERR: 无法加载控制器:Assets

[ 2018-08-01T15:50:17+08:00 ] ::1 /index.php/Admin/assets/vendor/linearicons/style.css
ERR: 无法加载控制器:Assets

[ 2018-08-01T15:50:17+08:00 ] ::1 /index.php/Admin/assets/css/demo.css
ERR: 无法加载控制器:Assets

[ 2018-08-01T15:50:17+08:00 ] ::1 /index.php/Admin/assets/css/main.css
ERR: 无法加载控制器:Assets

[ 2018-08-01T15:50:17+08:00 ] ::1 /index.php/Admin/assets/vendor/jquery/jquery.min.js
ERR: 无法加载控制器:Assets

