[ 2018-08-14T15:04:13+08:00 ] ::1 /shenyangjy/Admin/assets/vendor/bootstrap/css/bootstrap.min.css.map
ERR: 无法加载控制器:Assets

[ 2018-08-14T15:09:10+08:00 ] ::1 /shenyangjy/Admin/assets/vendor/bootstrap/css/bootstrap.min.css.map
ERR: 无法加载控制器:Assets

[ 2018-08-14T15:11:14+08:00 ] ::1 /shenyangjy/Admin/assets/vendor/bootstrap/css/bootstrap.min.css.map
ERR: 无法加载控制器:Assets

[ 2018-08-14T15:17:08+08:00 ] ::1 /shenyangjy/Admin/assets/vendor/bootstrap/css/bootstrap.min.css.map
ERR: 无法加载控制器:Assets

[ 2018-08-14T15:17:22+08:00 ] ::1 /shenyangjy/Admin/assets/vendor/bootstrap/css/bootstrap.min.css.map
ERR: 无法加载控制器:Assets

[ 2018-08-14T15:17:41+08:00 ] ::1 /shenyangjy/index.php/Admin/assets/vendor/font-awesome/css/font-awesome.min.css
ERR: 无法加载控制器:Assets

[ 2018-08-14T15:17:41+08:00 ] ::1 /shenyangjy/index.php/Admin/assets/vendor/bootstrap/css/bootstrap.min.css
ERR: 无法加载控制器:Assets

[ 2018-08-14T15:17:41+08:00 ] ::1 /shenyangjy/index.php/Admin/assets/vendor/chartist/css/chartist-custom.css
ERR: 无法加载控制器:Assets

[ 2018-08-14T15:17:41+08:00 ] ::1 /shenyangjy/index.php/Admin/assets/css/main.css
ERR: 无法加载控制器:Assets

[ 2018-08-14T15:17:41+08:00 ] ::1 /shenyangjy/index.php/Admin/assets/vendor/linearicons/style.css
ERR: 无法加载控制器:Assets

[ 2018-08-14T15:17:41+08:00 ] ::1 /shenyangjy/index.php/Admin/assets/css/demo.css
ERR: 无法加载控制器:Assets

[ 2018-08-14T15:17:41+08:00 ] ::1 /shenyangjy/index.php/Admin/assets/vendor/jquery/jquery.min.js
ERR: 无法加载控制器:Assets

